#-----------------------------------------------------------
# Vivado v2016.2 (64-bit)
# SW Build 1577090 on Thu Jun  2 16:32:40 MDT 2016
# IP Build 1577682 on Fri Jun  3 12:00:54 MDT 2016
# Start of session at: Wed Apr 25 00:07:59 2018
# Process ID: 11156
# Current directory: C:/Users/Thanh/Desktop/MIST_Nexys4/project_1
# Command line: vivado.exe -gui_launcher_event rodinguilauncherevent7012 C:\Users\Thanh\Desktop\MIST_Nexys4\project_1\project_1.xpr
# Log file: C:/Users/Thanh/Desktop/MIST_Nexys4/project_1/vivado.log
# Journal file: C:/Users/Thanh/Desktop/MIST_Nexys4/project_1\vivado.jou
#-----------------------------------------------------------
start_gui
open_project C:/Users/Thanh/Desktop/MIST_Nexys4/project_1/project_1.xpr
Scanning sources...
Finished scanning sources
INFO: [IP_Flow 19-234] Refreshing IP repositories
INFO: [IP_Flow 19-1704] No user IP repositories specified
INFO: [IP_Flow 19-2313] Loaded Vivado IP repository 'C:/Xilinx/Vivado/2016.2/data/ip'.
open_project: Time (s): cpu = 00:00:26 ; elapsed = 00:00:20 . Memory (MB): peak = 876.313 ; gain = 235.324
update_compile_order -fileset sources_1
exit
INFO: [Common 17-206] Exiting Vivado at Wed Apr 25 00:08:35 2018...
