#-----------------------------------------------------------
# Vivado v2016.2 (64-bit)
# SW Build 1577090 on Thu Jun  2 16:32:40 MDT 2016
# IP Build 1577682 on Fri Jun  3 12:00:54 MDT 2016
# Start of session at: Thu Oct 11 17:07:18 2018
# Process ID: 12808
# Current directory: C:/Users/Thanh/Documents/GitHub/MNIST_Nexys4/MNIST_Nexys4DDR/project_1
# Command line: vivado.exe -gui_launcher_event rodinguilauncherevent12060 C:\Users\Thanh\Documents\GitHub\MNIST_Nexys4\MNIST_Nexys4DDR\project_1\project_1.xpr
# Log file: C:/Users/Thanh/Documents/GitHub/MNIST_Nexys4/MNIST_Nexys4DDR/project_1/vivado.log
# Journal file: C:/Users/Thanh/Documents/GitHub/MNIST_Nexys4/MNIST_Nexys4DDR/project_1\vivado.jou
#-----------------------------------------------------------
start_gui
open_project C:/Users/Thanh/Documents/GitHub/MNIST_Nexys4/MNIST_Nexys4DDR/project_1/project_1.xpr
Scanning sources...
Finished scanning sources
INFO: [IP_Flow 19-234] Refreshing IP repositories
INFO: [IP_Flow 19-1704] No user IP repositories specified
INFO: [IP_Flow 19-2313] Loaded Vivado IP repository 'C:/Xilinx/Vivado/2016.2/data/ip'.
open_project: Time (s): cpu = 00:00:31 ; elapsed = 00:00:37 . Memory (MB): peak = 861.207 ; gain = 220.902
update_compile_order -fileset sources_1
reset_run synth_1
reset_run background_ROM_synth_1
launch_runs impl_1 -to_step write_bitstream -jobs 2
INFO: [IP_Flow 19-1686] Generating 'Synthesis' target for IP 'background_ROM'...
WARNING: [Runs 36-115] Could not delete directory 'C:/Users/Thanh/Documents/GitHub/MNIST_Nexys4/MNIST_Nexys4DDR/project_1/.Xil/Vivado-12808-Thanh-PC/dcp'.
[Thu Oct 11 17:10:00 2018] Launched background_ROM_synth_1, synth_1...
Run output will be captured here:
background_ROM_synth_1: C:/Users/Thanh/Documents/GitHub/MNIST_Nexys4/MNIST_Nexys4DDR/project_1/project_1.runs/background_ROM_synth_1/runme.log
synth_1: C:/Users/Thanh/Documents/GitHub/MNIST_Nexys4/MNIST_Nexys4DDR/project_1/project_1.runs/synth_1/runme.log
[Thu Oct 11 17:10:01 2018] Launched impl_1...
Run output will be captured here: C:/Users/Thanh/Documents/GitHub/MNIST_Nexys4/MNIST_Nexys4DDR/project_1/project_1.runs/impl_1/runme.log
launch_runs: Time (s): cpu = 00:00:34 ; elapsed = 00:00:36 . Memory (MB): peak = 875.582 ; gain = 2.898
exit
INFO: [Common 17-206] Exiting Vivado at Thu Oct 11 17:58:15 2018...
