#-----------------------------------------------------------
# Vivado v2016.2 (64-bit)
# SW Build 1577090 on Thu Jun  2 16:32:40 MDT 2016
# IP Build 1577682 on Fri Jun  3 12:00:54 MDT 2016
# Start of session at: Thu Jun 07 23:07:43 2018
# Process ID: 8852
# Current directory: C:/Users/Thanh/Documents/GitHub/MNIST_Nexys4/MNIST_Nexys4DDR/project_1
# Command line: vivado.exe -gui_launcher_event rodinguilauncherevent8696 C:\Users\Thanh\Documents\GitHub\MNIST_Nexys4\MNIST_Nexys4DDR\project_1\project_1.xpr
# Log file: C:/Users/Thanh/Documents/GitHub/MNIST_Nexys4/MNIST_Nexys4DDR/project_1/vivado.log
# Journal file: C:/Users/Thanh/Documents/GitHub/MNIST_Nexys4/MNIST_Nexys4DDR/project_1\vivado.jou
#-----------------------------------------------------------
start_gui
open_project C:/Users/Thanh/Documents/GitHub/MNIST_Nexys4/MNIST_Nexys4DDR/project_1/project_1.xpr
Scanning sources...
Finished scanning sources
INFO: [IP_Flow 19-234] Refreshing IP repositories
INFO: [IP_Flow 19-1704] No user IP repositories specified
INFO: [IP_Flow 19-2313] Loaded Vivado IP repository 'C:/Xilinx/Vivado/2016.2/data/ip'.
open_project: Time (s): cpu = 00:00:29 ; elapsed = 00:00:43 . Memory (MB): peak = 866.277 ; gain = 262.844
update_compile_order -fileset sources_1
reset_run synth_1
launch_runs impl_1 -to_step write_bitstream -jobs 2
[Thu Jun 07 23:10:32 2018] Launched synth_1...
Run output will be captured here: C:/Users/Thanh/Documents/GitHub/MNIST_Nexys4/MNIST_Nexys4DDR/project_1/project_1.runs/synth_1/runme.log
[Thu Jun 07 23:10:32 2018] Launched impl_1...
Run output will be captured here: C:/Users/Thanh/Documents/GitHub/MNIST_Nexys4/MNIST_Nexys4DDR/project_1/project_1.runs/impl_1/runme.log
exit
INFO: [Common 17-206] Exiting Vivado at Thu Jun 07 23:17:56 2018...
