#-----------------------------------------------------------
# Vivado v2016.2 (64-bit)
# SW Build 1577090 on Thu Jun  2 16:32:40 MDT 2016
# IP Build 1577682 on Fri Jun  3 12:00:54 MDT 2016
# Start of session at: Mon Apr 23 21:50:58 2018
# Process ID: 5620
# Current directory: C:/Users/Thanh/Desktop/MIST_Nexys4/project_1
# Command line: vivado.exe -gui_launcher_event rodinguilauncherevent1936 C:\Users\Thanh\Desktop\MIST_Nexys4\project_1\project_1.xpr
# Log file: C:/Users/Thanh/Desktop/MIST_Nexys4/project_1/vivado.log
# Journal file: C:/Users/Thanh/Desktop/MIST_Nexys4/project_1\vivado.jou
#-----------------------------------------------------------
start_gui
open_project C:/Users/Thanh/Desktop/MIST_Nexys4/project_1/project_1.xpr
Scanning sources...
Finished scanning sources
INFO: [IP_Flow 19-234] Refreshing IP repositories
INFO: [IP_Flow 19-1704] No user IP repositories specified
INFO: [IP_Flow 19-2313] Loaded Vivado IP repository 'C:/Xilinx/Vivado/2016.2/data/ip'.
open_project: Time (s): cpu = 00:00:26 ; elapsed = 00:00:19 . Memory (MB): peak = 884.391 ; gain = 220.195
update_compile_order -fileset sources_1
INFO: [Device 21-403] Loading part xc7a100tcsg324-1
WARNING: [IP_Flow 19-4067] Ignoring invalid widget type specified checkbox.Providing a default widget
WARNING: [IP_Flow 19-4067] Ignoring invalid widget type specified checkbox.Providing a default widget
exit
INFO: [Common 17-206] Exiting Vivado at Mon Apr 23 21:52:12 2018...
