#-----------------------------------------------------------
# Vivado v2016.2 (64-bit)
# SW Build 1577090 on Thu Jun  2 16:32:40 MDT 2016
# IP Build 1577682 on Fri Jun  3 12:00:54 MDT 2016
# Start of session at: Mon Apr 23 22:42:11 2018
# Process ID: 9708
# Current directory: C:/Users/Thanh/Desktop/MIST_Nexys4/project_1
# Command line: vivado.exe -gui_launcher_event rodinguilauncherevent6512 C:\Users\Thanh\Desktop\MIST_Nexys4\project_1\project_1.xpr
# Log file: C:/Users/Thanh/Desktop/MIST_Nexys4/project_1/vivado.log
# Journal file: C:/Users/Thanh/Desktop/MIST_Nexys4/project_1\vivado.jou
#-----------------------------------------------------------
start_gui
open_project C:/Users/Thanh/Desktop/MIST_Nexys4/project_1/project_1.xpr
Scanning sources...
Finished scanning sources
INFO: [IP_Flow 19-234] Refreshing IP repositories
INFO: [IP_Flow 19-1704] No user IP repositories specified
INFO: [IP_Flow 19-2313] Loaded Vivado IP repository 'C:/Xilinx/Vivado/2016.2/data/ip'.
open_project: Time (s): cpu = 00:00:32 ; elapsed = 00:00:25 . Memory (MB): peak = 858.945 ; gain = 217.723
update_compile_order -fileset sources_1
port_size p 48 a 25 m 43 b 18 c 48
op_width a 32 b 32 a_type 0 b_type 0 swap false
widths a 32 a_type 0 b 32 b_type 0
get_hybrid_configuration a 32 b 32 a_type 0 b_type 0
get_hybrid_configuration p 48 m 43 a 25 b 18 c 48
1x1 two fabric mult
hybrid configuration is 2
port_size p 48 a 25 m 43 b 18 c 48
op_width a 32 b 32 a_type 0 b_type 0 swap false
widths a 32 a_type 0 b 32 b_type 0
get_hybrid_configuration a 32 b 32 a_type 0 b_type 0
get_hybrid_configuration p 48 m 43 a 25 b 18 c 48
1x1 two fabric mult
hybrid configuration is 2
get_hybrid_configuration a 32 b 32 a_type 0 b_type 0
get_hybrid_configuration p 48 m 43 a 25 b 18 c 48
1x1 two fabric mult
hybrid configuration is 2
get_hybrid_configuration a 32 b 32 a_type 0 b_type 0
get_hybrid_configuration p 48 m 43 a 25 b 18 c 48
1x1 two fabric mult
hybrid configuration is 2
get_hybrid_configuration a 32 b 32 a_type 0 b_type 0
get_hybrid_configuration p 48 m 43 a 25 b 18 c 48
1x1 two fabric mult
hybrid configuration is 2
get_hybrid_configuration a 32 b 32 a_type 0 b_type 0
get_hybrid_configuration p 48 m 43 a 25 b 18 c 48
1x1 two fabric mult
hybrid configuration is 2
get_hybrid_configuration a 32 b 32 a_type 0 b_type 0
get_hybrid_configuration p 48 m 43 a 25 b 18 c 48
1x1 two fabric mult
hybrid configuration is 2
get_hybrid_configuration a 32 b 32 a_type 0 b_type 0
get_hybrid_configuration p 48 m 43 a 25 b 18 c 48
1x1 two fabric mult
hybrid configuration is 2
get_hybrid_configuration a 32 b 32 a_type 0 b_type 0
get_hybrid_configuration p 48 m 43 a 25 b 18 c 48
1x1 two fabric mult
hybrid configuration is 2
get_hybrid_configuration a 32 b 32 a_type 0 b_type 0
get_hybrid_configuration p 48 m 43 a 25 b 18 c 48
1x1 two fabric mult
hybrid configuration is 2
get_hybrid_configuration a 32 b 32 a_type 0 b_type 0
get_hybrid_configuration p 48 m 43 a 25 b 18 c 48
1x1 two fabric mult
hybrid configuration is 2
get_hybrid_configuration a 32 b 32 a_type 0 b_type 0
get_hybrid_configuration p 48 m 43 a 25 b 18 c 48
1x1 two fabric mult
hybrid configuration is 2
get_hybrid_configuration a 32 b 32 a_type 0 b_type 0
get_hybrid_configuration p 48 m 43 a 25 b 18 c 48
1x1 two fabric mult
hybrid configuration is 2
get_hybrid_configuration a 32 b 32 a_type 0 b_type 0
get_hybrid_configuration p 48 m 43 a 25 b 18 c 48
1x1 two fabric mult
hybrid configuration is 2
port_size p 48 a 25 m 43 b 18 c 48
op_width a 32 b 32 a_type 0 b_type 0 swap false
widths a 32 a_type 0 b 32 b_type 0
get_hybrid_configuration a 32 b 32 a_type 0 b_type 0
get_hybrid_configuration p 48 m 43 a 25 b 18 c 48
1x1 two fabric mult
hybrid configuration is 2
port_size p 48 a 25 m 43 b 18 c 48
op_width a 32 b 32 a_type 0 b_type 0 swap false
widths a 32 a_type 0 b 32 b_type 0
get_hybrid_configuration a 32 b 32 a_type 0 b_type 0
get_hybrid_configuration p 48 m 43 a 25 b 18 c 48
1x1 two fabric mult
hybrid configuration is 2
get_hybrid_configuration a 32 b 32 a_type 0 b_type 0
get_hybrid_configuration p 48 m 43 a 25 b 18 c 48
1x1 two fabric mult
hybrid configuration is 2
get_hybrid_configuration a 32 b 32 a_type 0 b_type 0
get_hybrid_configuration p 48 m 43 a 25 b 18 c 48
1x1 two fabric mult
hybrid configuration is 2
get_hybrid_configuration a 32 b 32 a_type 0 b_type 0
get_hybrid_configuration p 48 m 43 a 25 b 18 c 48
1x1 two fabric mult
hybrid configuration is 2
get_hybrid_configuration a 32 b 32 a_type 0 b_type 0
get_hybrid_configuration p 48 m 43 a 25 b 18 c 48
1x1 two fabric mult
hybrid configuration is 2
get_hybrid_configuration a 32 b 32 a_type 0 b_type 0
get_hybrid_configuration p 48 m 43 a 25 b 18 c 48
1x1 two fabric mult
hybrid configuration is 2
get_hybrid_configuration a 32 b 32 a_type 0 b_type 0
get_hybrid_configuration p 48 m 43 a 25 b 18 c 48
1x1 two fabric mult
hybrid configuration is 2
get_hybrid_configuration a 32 b 32 a_type 0 b_type 0
get_hybrid_configuration p 48 m 43 a 25 b 18 c 48
1x1 two fabric mult
hybrid configuration is 2
get_hybrid_configuration a 32 b 32 a_type 0 b_type 0
get_hybrid_configuration p 48 m 43 a 25 b 18 c 48
1x1 two fabric mult
hybrid configuration is 2
get_hybrid_configuration a 32 b 32 a_type 0 b_type 0
get_hybrid_configuration p 48 m 43 a 25 b 18 c 48
1x1 two fabric mult
hybrid configuration is 2
get_hybrid_configuration a 32 b 32 a_type 0 b_type 0
get_hybrid_configuration p 48 m 43 a 25 b 18 c 48
1x1 two fabric mult
hybrid configuration is 2
get_hybrid_configuration a 32 b 32 a_type 0 b_type 0
get_hybrid_configuration p 48 m 43 a 25 b 18 c 48
1x1 two fabric mult
hybrid configuration is 2
get_hybrid_configuration a 32 b 32 a_type 0 b_type 0
get_hybrid_configuration p 48 m 43 a 25 b 18 c 48
1x1 two fabric mult
hybrid configuration is 2
port_size p 48 a 25 m 43 b 18 c 48
op_width a 32 b 32 a_type 0 b_type 0 swap false
widths a 32 a_type 0 b 32 b_type 0
get_hybrid_configuration a 32 b 32 a_type 0 b_type 0
get_hybrid_configuration p 48 m 43 a 25 b 18 c 48
1x1 two fabric mult
hybrid configuration is 2
port_size p 48 a 25 m 43 b 18 c 48
op_width a 32 b 32 a_type 0 b_type 0 swap false
widths a 32 a_type 0 b 32 b_type 0
get_hybrid_configuration a 32 b 32 a_type 0 b_type 0
get_hybrid_configuration p 48 m 43 a 25 b 18 c 48
1x1 two fabric mult
hybrid configuration is 2
get_hybrid_configuration a 32 b 32 a_type 0 b_type 0
get_hybrid_configuration p 48 m 43 a 25 b 18 c 48
1x1 two fabric mult
hybrid configuration is 2
get_hybrid_configuration a 32 b 32 a_type 0 b_type 0
get_hybrid_configuration p 48 m 43 a 25 b 18 c 48
1x1 two fabric mult
hybrid configuration is 2
get_hybrid_configuration a 32 b 32 a_type 0 b_type 0
get_hybrid_configuration p 48 m 43 a 25 b 18 c 48
1x1 two fabric mult
hybrid configuration is 2
get_hybrid_configuration a 32 b 32 a_type 0 b_type 0
get_hybrid_configuration p 48 m 43 a 25 b 18 c 48
1x1 two fabric mult
hybrid configuration is 2
get_hybrid_configuration a 32 b 32 a_type 0 b_type 0
get_hybrid_configuration p 48 m 43 a 25 b 18 c 48
1x1 two fabric mult
hybrid configuration is 2
get_hybrid_configuration a 32 b 32 a_type 0 b_type 0
get_hybrid_configuration p 48 m 43 a 25 b 18 c 48
1x1 two fabric mult
hybrid configuration is 2
get_hybrid_configuration a 32 b 32 a_type 0 b_type 0
get_hybrid_configuration p 48 m 43 a 25 b 18 c 48
1x1 two fabric mult
hybrid configuration is 2
get_hybrid_configuration a 32 b 32 a_type 0 b_type 0
get_hybrid_configuration p 48 m 43 a 25 b 18 c 48
1x1 two fabric mult
hybrid configuration is 2
get_hybrid_configuration a 32 b 32 a_type 0 b_type 0
get_hybrid_configuration p 48 m 43 a 25 b 18 c 48
1x1 two fabric mult
hybrid configuration is 2
get_hybrid_configuration a 32 b 32 a_type 0 b_type 0
get_hybrid_configuration p 48 m 43 a 25 b 18 c 48
1x1 two fabric mult
hybrid configuration is 2
get_hybrid_configuration a 32 b 32 a_type 0 b_type 0
get_hybrid_configuration p 48 m 43 a 25 b 18 c 48
1x1 two fabric mult
hybrid configuration is 2
get_hybrid_configuration a 32 b 32 a_type 0 b_type 0
get_hybrid_configuration p 48 m 43 a 25 b 18 c 48
1x1 two fabric mult
hybrid configuration is 2
exit
INFO: [Common 17-206] Exiting Vivado at Mon Apr 23 22:48:00 2018...
